  Building Custom Rule D:/yolov4/yolov4/darknet/CMakeLists.txt
  Microsoft (R) C/C++ Optimizing Compiler Version 19.29.30137 for x64
  Copyright (C) Microsoft Corporation.  All rights reserved.
  cl /c /ID:\yolov4\yolov4\darknet\include /ID:\yolov4\yolov4\darknet\src /ID:\yolov4\yolov4\darknet\3rdparty\stb\include /IC:\opencv_3.0\opencv\build\include /ID:\yolov4\yolov4\darknet\3rdparty\pthreads\include /W1 /WX- /diagnostics:column /Ox /Ob2 /D _WINDLL /D _MBCS /D WIN32 /D _WINDOWS /D NDEBUG /D LIB_EXPORTS=1 /D USE_CMAKE_LIBS /D OPENCV /D _CRT_RAND_S /D NOMINMAX /D _USE_MATH_DEFINES /D _CRT_SECURE_NO_WARNINGS /D _TIMESPEC_DEFINED /D "CMAKE_INTDIR=\"Release\"" /D dark_EXPORTS /Gm- /EHsc /MD /GS /fp:fast /Zc:wchar_t /Zc:forScope /Zc:inline /GR /openmp /Fo"dark.dir\Release\\" /Fd"dark.dir\Release\vc142.pdb" /external:W1 /Gd /TP /wd4013 /wd4018 /wd4028 /wd4047 /wd4068 /wd4090 /wd4101 /wd4113 /wd4133 /wd4190 /wd4244 /wd4267 /wd4305 /wd4477 /wd4996 /wd4819 /errorReport:prompt D:\yolov4\yolov4\darknet\src\yolo_v2_class.cpp D:\yolov4\yolov4\darknet\src\http_stream.cpp D:\yolov4\yolov4\darknet\src\image_opencv.cpp
  yolo_v2_class.cpp
  http_stream.cpp
  image_opencv.cpp
  Generating Code...
  Microsoft (R) C/C++ Optimizing Compiler Version 19.29.30137 for x64
  Copyright (C) Microsoft Corporation.  All rights reserved.
  cl /c /ID:\yolov4\yolov4\darknet\include /ID:\yolov4\yolov4\darknet\src /ID:\yolov4\yolov4\darknet\3rdparty\stb\include /IC:\opencv_3.0\opencv\build\include /ID:\yolov4\yolov4\darknet\3rdparty\pthreads\include /W1 /WX- /diagnostics:column /Ox /Ob2 /D _WINDLL /D _MBCS /D WIN32 /D _WINDOWS /D NDEBUG /D LIB_EXPORTS=1 /D USE_CMAKE_LIBS /D OPENCV /D _CRT_RAND_S /D NOMINMAX /D _USE_MATH_DEFINES /D _CRT_SECURE_NO_WARNINGS /D _TIMESPEC_DEFINED /D "CMAKE_INTDIR=\"Release\"" /D dark_EXPORTS /Gm- /EHsc /MD /GS /fp:fast /Zc:wchar_t /Zc:forScope /Zc:inline /GR /openmp /Fo"dark.dir\Release\\" /Fd"dark.dir\Release\vc142.pdb" /external:W1 /Gd /TC /wd4013 /wd4018 /wd4028 /wd4047 /wd4068 /wd4090 /wd4101 /wd4113 /wd4133 /wd4190 /wd4244 /wd4267 /wd4305 /wd4477 /wd4996 /wd4819 /errorReport:prompt D:\yolov4\yolov4\darknet\src\activation_layer.c D:\yolov4\yolov4\darknet\src\activations.c D:\yolov4\yolov4\darknet\src\art.c D:\yolov4\yolov4\darknet\src\avgpool_layer.c D:\yolov4\yolov4\darknet\src\batchnorm_layer.c D:\yolov4\yolov4\darknet\src\blas.c D:\yolov4\yolov4\darknet\src\box.c D:\yolov4\yolov4\darknet\src\captcha.c D:\yolov4\yolov4\darknet\src\cifar.c D:\yolov4\yolov4\darknet\src\classifier.c D:\yolov4\yolov4\darknet\src\coco.c D:\yolov4\yolov4\darknet\src\col2im.c D:\yolov4\yolov4\darknet\src\compare.c D:\yolov4\yolov4\darknet\src\connected_layer.c D:\yolov4\yolov4\darknet\src\conv_lstm_layer.c D:\yolov4\yolov4\darknet\src\convolutional_layer.c D:\yolov4\yolov4\darknet\src\cost_layer.c D:\yolov4\yolov4\darknet\src\cpu_gemm.c D:\yolov4\yolov4\darknet\src\crnn_layer.c D:\yolov4\yolov4\darknet\src\crop_layer.c D:\yolov4\yolov4\darknet\src\dark_cuda.c D:\yolov4\yolov4\darknet\src\data.c D:\yolov4\yolov4\darknet\src\deconvolutional_layer.c D:\yolov4\yolov4\darknet\src\demo.c D:\yolov4\yolov4\darknet\src\detection_layer.c D:\yolov4\yolov4\darknet\src\detector.c D:\yolov4\yolov4\darknet\src\dice.c D:\yolov4\yolov4\darknet\src\dropout_layer.c D:\yolov4\yolov4\darknet\src\gaussian_yolo_layer.c D:\yolov4\yolov4\darknet\src\gemm.c D:\yolov4\yolov4\darknet\src\getopt.c D:\yolov4\yolov4\darknet\src\gettimeofday.c D:\yolov4\yolov4\darknet\src\go.c D:\yolov4\yolov4\darknet\src\gru_layer.c D:\yolov4\yolov4\darknet\src\im2col.c D:\yolov4\yolov4\darknet\src\image.c D:\yolov4\yolov4\darknet\src\layer.c D:\yolov4\yolov4\darknet\src\list.c D:\yolov4\yolov4\darknet\src\local_layer.c D:\yolov4\yolov4\darknet\src\lstm_layer.c D:\yolov4\yolov4\darknet\src\matrix.c D:\yolov4\yolov4\darknet\src\maxpool_layer.c D:\yolov4\yolov4\darknet\src\network.c D:\yolov4\yolov4\darknet\src\nightmare.c D:\yolov4\yolov4\darknet\src\normalization_layer.c D:\yolov4\yolov4\darknet\src\option_list.c D:\yolov4\yolov4\darknet\src\parser.c D:\yolov4\yolov4\darknet\src\region_layer.c D:\yolov4\yolov4\darknet\src\reorg_layer.c D:\yolov4\yolov4\darknet\src\reorg_old_layer.c D:\yolov4\yolov4\darknet\src\representation_layer.c D:\yolov4\yolov4\darknet\src\rnn.c D:\yolov4\yolov4\darknet\src\rnn_layer.c D:\yolov4\yolov4\darknet\src\rnn_vid.c D:\yolov4\yolov4\darknet\src\route_layer.c D:\yolov4\yolov4\darknet\src\sam_layer.c D:\yolov4\yolov4\darknet\src\scale_channels_layer.c D:\yolov4\yolov4\darknet\src\shortcut_layer.c D:\yolov4\yolov4\darknet\src\softmax_layer.c D:\yolov4\yolov4\darknet\src\super.c D:\yolov4\yolov4\darknet\src\swag.c D:\yolov4\yolov4\darknet\src\tag.c D:\yolov4\yolov4\darknet\src\tree.c D:\yolov4\yolov4\darknet\src\upsample_layer.c D:\yolov4\yolov4\darknet\src\utils.c D:\yolov4\yolov4\darknet\src\voxel.c D:\yolov4\yolov4\darknet\src\writing.c D:\yolov4\yolov4\darknet\src\yolo.c D:\yolov4\yolov4\darknet\src\yolo_layer.c
  activation_layer.c
  activations.c
  art.c
  avgpool_layer.c
  batchnorm_layer.c
  blas.c
  box.c
  captcha.c
  cifar.c
  classifier.c
  coco.c
  col2im.c
  compare.c
  connected_layer.c
  conv_lstm_layer.c
  convolutional_layer.c
  cost_layer.c
  cpu_gemm.c
  crnn_layer.c
  crop_layer.c
  Generating Code...
  Compiling...
  dark_cuda.c
  data.c
  deconvolutional_layer.c
  demo.c
  detection_layer.c
  detector.c
  dice.c
  dropout_layer.c
  gaussian_yolo_layer.c
  gemm.c
  getopt.c
  gettimeofday.c
  go.c
  gru_layer.c
  im2col.c
  image.c
  layer.c
  list.c
  local_layer.c
  lstm_layer.c
  Generating Code...
  Compiling...
  matrix.c
  maxpool_layer.c
  network.c
  nightmare.c
  normalization_layer.c
  option_list.c
  parser.c
  region_layer.c
  reorg_layer.c
  reorg_old_layer.c
  representation_layer.c
  rnn.c
  rnn_layer.c
  rnn_vid.c
  route_layer.c
  sam_layer.c
  scale_channels_layer.c
  shortcut_layer.c
  softmax_layer.c
  super.c
  Generating Code...
  Compiling...
  swag.c
  tag.c
  tree.c
  upsample_layer.c
  utils.c
  voxel.c
  writing.c
  yolo.c
  yolo_layer.c
  Generating Code...
     Creating library D:/yolov4/yolov4/darknet/Release/darknet.lib and object D:/yolov4/yolov4/darknet/Release/darknet.exp
  dark.vcxproj -> D:\yolov4\yolov4\darknet\Release\darknet.dll
